2020-03-02 00:33:43,542 INFO Let the games begin
2020-03-02 00:33:43,567 INFO Using hflip aug with params 0.5
2020-03-02 00:33:43,567 INFO Using rscale_crop aug with params [512, 512]
2020-03-02 00:33:46,119 INFO Using sgd optimizer
2020-03-02 00:33:46,120 INFO Using bootstrapped_cross_entropy with {'min_K': 4096, 'loss_th': 0.3, 'size_average': True} params
2020-03-02 00:33:46,120 INFO No checkpoint found at 'None'
2020-03-02 00:33:47,666 INFO Iter [10/100]  Loss: 1.9106  Time/Image: 0.1143  lr=0.019998
2020-03-02 00:33:48,588 INFO Iter [20/100]  Loss: 1.7324  Time/Image: 0.0905  lr=0.019996
2020-03-02 00:33:50,122 INFO Iter [30/100]  Loss: 1.6564  Time/Image: 0.0938  lr=0.019994
2020-03-02 00:33:51,085 INFO Iter [40/100]  Loss: 1.5433  Time/Image: 0.0944  lr=0.019992
2020-03-02 00:33:52,680 INFO Iter [50/100]  Loss: 1.5510  Time/Image: 0.0844  lr=0.019990
2020-03-02 00:33:54,094 INFO Iter 50 Val Loss: 33.5789
2020-03-02 00:33:54,099 INFO Overall Acc: 	: 0.1079860386683332
2020-03-02 00:33:54,100 INFO Mean Acc : 	: 0.23345542657004603
2020-03-02 00:33:54,101 INFO FreqW Acc : 	: 0.05368763529913966
2020-03-02 00:33:54,101 INFO Mean IoU : 	: 0.04321731282774561
2020-03-02 00:33:54,101 INFO 0: 0.0
2020-03-02 00:33:54,102 INFO 1: 0.01337744415273975
2020-03-02 00:33:54,102 INFO 2: 0.0
2020-03-02 00:33:54,103 INFO 3: 0.025854331572688512
2020-03-02 00:33:54,103 INFO 4: 0.20282152345476268
2020-03-02 00:33:54,104 INFO 5: 0.0172505777862827
2020-03-02 00:33:55,116 INFO Iter [60/100]  Loss: 1.3341  Time/Image: 0.0876  lr=0.019988
2020-03-02 00:33:56,763 INFO Iter [70/100]  Loss: 1.4856  Time/Image: 0.1008  lr=0.019986
2020-03-02 00:33:57,642 INFO Iter [80/100]  Loss: 1.4253  Time/Image: 0.0866  lr=0.019984
2020-03-02 00:33:59,290 INFO Iter [90/100]  Loss: 1.4272  Time/Image: 0.1019  lr=0.019982
2020-03-02 00:34:00,276 INFO Iter [100/100]  Loss: 1.4586  Time/Image: 0.0964  lr=0.019980
2020-03-02 00:34:01,906 INFO Iter 100 Val Loss: 4.3316
2020-03-02 00:34:01,908 INFO Overall Acc: 	: 0.26422336982216243
2020-03-02 00:34:01,909 INFO Mean Acc : 	: 0.18010432212092245
2020-03-02 00:34:01,909 INFO FreqW Acc : 	: 0.15784072322118495
2020-03-02 00:34:01,910 INFO Mean IoU : 	: 0.08671476065145063
2020-03-02 00:34:01,910 INFO 0: 0.0
2020-03-02 00:34:01,910 INFO 1: 0.0
2020-03-02 00:34:01,911 INFO 2: 0.0
2020-03-02 00:34:01,911 INFO 3: 0.2860365822943039
2020-03-02 00:34:01,911 INFO 4: 0.23257452476460402
2020-03-02 00:34:01,912 INFO 5: 0.0016774568497959581
